0 info it worked if it ends with ok
1 verbose cli [ 'C:\\Program Files\\nodejs\\node.exe',
1 verbose cli   'C:\\Program Files\\nodejs\\node_modules\\npm\\bin\\npm-cli.js',
1 verbose cli   'install',
1 verbose cli   '-g',
1 verbose cli   'ios-deploy' ]
2 info using npm@3.10.10
3 info using node@v6.9.5
4 silly loadCurrentTree Starting
5 silly install loadCurrentTree
6 silly install readGlobalPackageData
7 silly fetchPackageMetaData ios-deploy
8 silly fetchNamedPackageData ios-deploy
9 silly mapToRegistry name ios-deploy
10 silly mapToRegistry using default registry
11 silly mapToRegistry registry https://registry.npmjs.org/
12 silly mapToRegistry data Result {
12 silly mapToRegistry   raw: 'ios-deploy',
12 silly mapToRegistry   scope: null,
12 silly mapToRegistry   escapedName: 'ios-deploy',
12 silly mapToRegistry   name: 'ios-deploy',
12 silly mapToRegistry   rawSpec: '',
12 silly mapToRegistry   spec: 'latest',
12 silly mapToRegistry   type: 'tag' }
13 silly mapToRegistry uri https://registry.npmjs.org/ios-deploy
14 verbose request uri https://registry.npmjs.org/ios-deploy
15 verbose request no auth needed
16 info attempt registry request try #1 at 11:39:57 AM
17 verbose request id 5606aebc4faf1111
18 http request GET https://registry.npmjs.org/ios-deploy
19 http 200 https://registry.npmjs.org/ios-deploy
20 verbose headers { server: 'nginx/1.10.1',
20 verbose headers   'content-type': 'application/json',
20 verbose headers   'last-modified': 'Sat, 04 Feb 2017 22:21:26 GMT',
20 verbose headers   etag: 'W/"589653e6-a556"',
20 verbose headers   'content-encoding': 'gzip',
20 verbose headers   'cache-control': 'max-age=300',
20 verbose headers   'content-length': '6437',
20 verbose headers   'accept-ranges': 'bytes',
20 verbose headers   date: 'Sat, 08 Apr 2017 15:39:55 GMT',
20 verbose headers   via: '1.1 varnish',
20 verbose headers   age: '0',
20 verbose headers   connection: 'keep-alive',
20 verbose headers   'x-served-by': 'cache-atl6229-ATL',
20 verbose headers   'x-cache': 'HIT',
20 verbose headers   'x-cache-hits': '1',
20 verbose headers   'x-timer': 'S1491665996.529809,VS0,VE21',
20 verbose headers   vary: 'Accept-Encoding' }
21 silly get cb [ 200,
21 silly get   { server: 'nginx/1.10.1',
21 silly get     'content-type': 'application/json',
21 silly get     'last-modified': 'Sat, 04 Feb 2017 22:21:26 GMT',
21 silly get     etag: 'W/"589653e6-a556"',
21 silly get     'content-encoding': 'gzip',
21 silly get     'cache-control': 'max-age=300',
21 silly get     'content-length': '6437',
21 silly get     'accept-ranges': 'bytes',
21 silly get     date: 'Sat, 08 Apr 2017 15:39:55 GMT',
21 silly get     via: '1.1 varnish',
21 silly get     age: '0',
21 silly get     connection: 'keep-alive',
21 silly get     'x-served-by': 'cache-atl6229-ATL',
21 silly get     'x-cache': 'HIT',
21 silly get     'x-cache-hits': '1',
21 silly get     'x-timer': 'S1491665996.529809,VS0,VE21',
21 silly get     vary: 'Accept-Encoding' } ]
22 verbose get saving ios-deploy to C:\Users\gmeghabghab\AppData\Roaming\npm-cache\registry.npmjs.org\ios-deploy\.cache.json
23 verbose correctMkdir C:\Users\gmeghabghab\AppData\Roaming\npm-cache correctMkdir not in flight; initializing
24 silly install normalizeTree
25 silly loadCurrentTree Finishing
26 silly loadIdealTree Starting
27 silly install loadIdealTree
28 silly cloneCurrentTree Starting
29 silly install cloneCurrentTreeToIdealTree
30 silly cloneCurrentTree Finishing
31 silly loadShrinkwrap Starting
32 silly install loadShrinkwrap
33 silly loadShrinkwrap Finishing
34 silly loadAllDepsIntoIdealTree Starting
35 silly install loadAllDepsIntoIdealTree
36 silly rollbackFailedOptional Starting
37 silly rollbackFailedOptional Finishing
38 silly runTopLevelLifecycles Finishing
39 silly install printInstalled
40 verbose stack Error: Unsupported platform for ios-deploy@1.9.1: wanted {"name":"ios-deploy","version":"1.9.1","os":["darwin"],"description":"launch iOS apps iOS devices from the command line (Xcode 7)","main":"ios-deploy","scripts":{"preinstall":"./src/scripts/check_reqs.js && xcodebuild","test":"npm run pycompile && npm run jshint && xcodebuild -target ios-deploy-lib && xcodebuild test -scheme ios-deploy-tests","jshint":"node node_modules/jshint/bin/jshint src/scripts/*.js","pycompile":"python -m py_compile src/scripts/*.py"},"bin":{"ios-deploy":"./build/Release/ios-deploy"},"repository":{"type":"git","url":"git+https://github.com/phonegap/ios-deploy.git"},"devDependencies":{"jshint":"2.5.8"},"keywords":["ios-deploy","deploy to iOS device"],"bugs":{"url":"https://github.com/phonegap/ios-deploy/issues"},"author":{"name":"Greg Hughes"},"license":"GPLv3","gitHead":"52018c8cbacc440774bc262f7edb08eaadc642a8","homepage":"https://github.com/phonegap/ios-deploy#readme","_id":"ios-deploy@1.9.1","_shasum":"e7dec9508bb464a1f2d546bb07fada41d2708e66","_from":"ios-deploy","_npmVersion":"3.10.9","_nodeVersion":"6.7.0","_npmUser":{"name":"shazron","email":"shazron@gmail.com"},"dist":{"shasum":"e7dec9508bb464a1f2d546bb07fada41d2708e66","tarball":"https://registry.npmjs.org/ios-deploy/-/ios-deploy-1.9.1.tgz"},"maintainers":[{"name":"shazron","email":"shazron@gmail.com"},{"name":"purplecabbage","email":"purplecabbage@gmail.com"},{"name":"stevegill","email":"stevengill97@gmail.com"}],"_npmOperationalInternal":{"host":"packages-12-west.internal.npmjs.com","tmp":"tmp/ios-deploy-1.9.1.tgz_1485549003982_0.7701364480890334"},"directories":{},"_resolved":"https://registry.npmjs.org/ios-deploy/-/ios-deploy-1.9.1.tgz","_requested":{"raw":"ios-deploy","scope":null,"escapedName":"ios-deploy","name":"ios-deploy","rawSpec":"","spec":"latest","type":"tag"},"_spec":"ios-deploy","_where":"C:\\Users\\gmeghabghab\\Documents\\Coursera\\ionic\\conFusion","_args":[[{"raw":"ios-deploy","scope":null,"escapedName":"ios-deploy","name":"ios-deploy","rawSpec":"","spec":"latest","type":"tag"},"C:\\Users\\gmeghabghab\\Documents\\Coursera\\ionic\\conFusion"]],"readme":"ERROR: No README data found!"} (current: {"os":"win32","cpu":"x64"})
40 verbose stack     at checkPlatform (C:\Program Files\nodejs\node_modules\npm\node_modules\npm-install-checks\index.js:45:14)
40 verbose stack     at thenWarnEngineIssues (C:\Program Files\nodejs\node_modules\npm\lib\install\validate-args.js:41:5)
40 verbose stack     at C:\Program Files\nodejs\node_modules\npm\node_modules\iferr\index.js:13:50
40 verbose stack     at checkEngine (C:\Program Files\nodejs\node_modules\npm\node_modules\npm-install-checks\index.js:10:20)
40 verbose stack     at module.exports.isInstallable (C:\Program Files\nodejs\node_modules\npm\lib\install\validate-args.js:38:3)
40 verbose stack     at Array.<anonymous> (C:\Program Files\nodejs\node_modules\npm\node_modules\slide\lib\bind-actor.js:15:8)
40 verbose stack     at LOOP (C:\Program Files\nodejs\node_modules\npm\node_modules\slide\lib\chain.js:15:14)
40 verbose stack     at C:\Program Files\nodejs\node_modules\npm\node_modules\slide\lib\chain.js:18:7
40 verbose stack     at checkSelf (C:\Program Files\nodejs\node_modules\npm\lib\install\validate-args.js:46:72)
40 verbose stack     at Array.<anonymous> (C:\Program Files\nodejs\node_modules\npm\node_modules\slide\lib\bind-actor.js:15:8)
41 verbose pkgid ios-deploy@1.9.1
42 verbose cwd C:\Users\gmeghabghab\Documents\Coursera\ionic\conFusion
43 error Windows_NT 10.0.14393
44 error argv "C:\\Program Files\\nodejs\\node.exe" "C:\\Program Files\\nodejs\\node_modules\\npm\\bin\\npm-cli.js" "install" "-g" "ios-deploy"
45 error node v6.9.5
46 error npm  v3.10.10
47 error code EBADPLATFORM
48 error notsup Unsupported platform for ios-deploy@1.9.1: wanted {"os":"darwin","arch":"any"} (current: {"os":"win32","arch":"x64"})
49 error notsup Valid OS:    darwin
49 error notsup Valid Arch:  any
49 error notsup Actual OS:   win32
49 error notsup Actual Arch: x64
50 verbose exit [ 1, true ]
